TN:
SF:auth.ts
FN:20,authenticateToken
FN:27,(anonymous_2)
FN:38,(anonymous_3)
FN:50,(anonymous_4)
FNF:4
FNH:4
FNDA:3,authenticateToken
FNDA:2,(anonymous_2)
FNDA:3,(anonymous_3)
FNDA:1,(anonymous_4)
DA:1,6
DA:2,6
DA:3,6
DA:5,6
DA:7,6
DA:8,6
DA:21,3
DA:22,3
DA:23,1
DA:24,1
DA:27,2
DA:28,2
DA:29,1
DA:30,1
DA:32,1
DA:33,1
DA:38,6
DA:39,3
DA:40,3
DA:41,1
DA:42,1
DA:45,2
DA:46,2
DA:50,6
DA:51,1
DA:54,6
LF:26
LH:26
BRDA:8,0,0,6
BRDA:8,0,1,0
BRDA:22,1,0,1
BRDA:28,2,0,1
BRDA:40,3,0,1
BRF:5
BRH:4
end_of_record
TN:
SF:lib/metrics.ts
FN:51,metricsMiddleware
FN:55,(anonymous_10)
FN:72,recordCacheHit
FN:73,recordCacheMiss
FNF:4
FNH:4
FNDA:26,metricsMiddleware
FNDA:26,(anonymous_10)
FNDA:2,recordCacheHit
FNDA:1,recordCacheMiss
DA:1,7
DA:4,7
DA:6,7
DA:7,7
DA:10,7
DA:16,7
DA:23,7
DA:31,7
DA:35,7
DA:39,7
DA:44,7
DA:45,7
DA:46,7
DA:47,7
DA:48,7
DA:49,7
DA:51,7
DA:52,26
DA:53,26
DA:54,26
DA:55,26
DA:56,26
DA:57,26
DA:58,26
DA:59,26
DA:60,26
DA:63,26
DA:64,26
DA:65,26
DA:66,26
DA:67,26
DA:69,26
DA:72,7
DA:73,7
LF:34
LH:34
BRDA:6,0,0,7
BRDA:6,0,1,0
BRDA:53,1,0,26
BRDA:53,1,1,26
BRDA:53,1,2,0
BRDA:63,2,0,26
BRDA:63,2,1,25
BRDA:64,3,0,26
BRDA:64,3,1,25
BRDA:66,4,0,1
BRDA:66,4,1,25
BRF:11
BRH:9
end_of_record
